New log file opened at Tue Jul 07 09:30:15 CEST 2015 by 16578@think
Taking next connection to: 38178
New client attempting to connect on port: 60882-38178
  Address = /127.0.1.1:38178
This client on port 60882 has uuid 7715603f-504e-4762-a3c5-fe5a10f06393 configName play-fork-run humanReadableName Play Fork Run protocolVersion 1 featureTags Vector()
Connected Clients: play-fork-run-7715603f-504e-4762-a3c5-fe5a10f06393
Taking next connection to: 38178
Checking to see if clients are empty...
We have 1 non-daemon clients, continuing serving connections.
Taking next connection to: 38178
New client attempting to connect on port: 60972-38178
  Address = /127.0.1.1:38178
Handshake exception on socket: 60972
sbt.impl.ipc.HandshakeException: Unable to perform handshake
	at sbt.impl.ipc.Peer.handshake(IPC.scala:46)
	at sbt.impl.ipc.MultiClientServer.<init>(IPC.scala:150)
	at sbt.server.SbtServerSocketHandler$$anon$1.run(SbtServerSocketHandler.scala:43)
Caused by: java.io.EOFException
	at java.io.DataInputStream.readInt(DataInputStream.java:392)
	at sbt.impl.ipc.Peer.receive(IPC.scala:95)
	at sbt.impl.ipc.Peer.handshake(IPC.scala:49)
	... 2 more
Taking next connection to: 38178
New client attempting to connect on port: 60973-38178
  Address = /127.0.1.1:38178
This client on port 60973 has uuid 05ed7208-c28e-49cb-9bca-b1e1568013d2 configName play-fork-run humanReadableName Play Fork Run protocolVersion 1 featureTags Vector()
Connected Clients: play-fork-run-05ed7208-c28e-49cb-9bca-b1e1568013d2
Taking next connection to: 38178
